0 info it worked if it ends with ok
1 verbose cli [ 'node', '/Users/dblue/.nvm/v0.10.36/bin/npm', 'publish' ]
2 info using npm@2.5.1
3 info using node@v0.10.36
4 verbose publish [ '.' ]
5 silly cache add args [ '.', null ]
6 verbose cache add spec .
7 silly cache add parsed spec { raw: '.',
7 silly cache add   scope: null,
7 silly cache add   name: null,
7 silly cache add   rawSpec: '.',
7 silly cache add   spec: '/Users/dblue/Documents/projects/generator-angular-blueprint',
7 silly cache add   type: 'directory' }
8 verbose addLocalDirectory /Users/dblue/.npm/generator-angular-blueprint/1.0.3/package.tgz not in flight; packing
9 verbose tar pack [ '/Users/dblue/.npm/generator-angular-blueprint/1.0.3/package.tgz',
9 verbose tar pack   '/Users/dblue/Documents/projects/generator-angular-blueprint' ]
10 verbose tarball /Users/dblue/.npm/generator-angular-blueprint/1.0.3/package.tgz
11 verbose folder /Users/dblue/Documents/projects/generator-angular-blueprint
12 info prepublish generator-angular-blueprint@1.0.3
13 verbose addLocalTarball adding from inside cache /Users/dblue/.npm/generator-angular-blueprint/1.0.3/package.tgz
14 silly cache afterAdd generator-angular-blueprint@1.0.3
15 verbose afterAdd /Users/dblue/.npm/generator-angular-blueprint/1.0.3/package/package.json not in flight; writing
16 verbose afterAdd /Users/dblue/.npm/generator-angular-blueprint/1.0.3/package/package.json written
17 silly publish { name: 'generator-angular-blueprint',
17 silly publish   version: '1.0.3',
17 silly publish   description: 'Yeoman angular generator that allows you to override global templates with your own!( Idea COMPLETELY ripped from ember-cli (: )',
17 silly publish   license: 'MIT',
17 silly publish   repository:
17 silly publish    { type: 'git',
17 silly publish      url: 'https://github.com/DannyBlueDesign/generator-angular-blueprint' },
17 silly publish   author:
17 silly publish    { name: 'Danny Blue',
17 silly publish      email: 'dannybluedesign@gmail.com',
17 silly publish      url: 'https://github.com/DannyBlueDesign' },
17 silly publish   engines: { node: '>=0.10.0' },
17 silly publish   scripts: { test: 'mocha' },
17 silly publish   main: 'app/index.js',
17 silly publish   files:
17 silly publish    [ 'generators/app',
17 silly publish      'generators/controller',
17 silly publish      'generators/directive',
17 silly publish      'generators/factory',
17 silly publish      'generators/route',
17 silly publish      'generators/router',
17 silly publish      'generators/service',
17 silly publish      'generators/spec',
17 silly publish      'generators/view',
17 silly publish      'generators/style',
17 silly publish      'generators/blueprint',
17 silly publish      'lib/blueprint.js',
17 silly publish      'lib/findInstalledBlueprint.js' ],
17 silly publish   keywords: [ 'yeoman-generator', 'angular', 'scaffolding', 'app' ],
17 silly publish   dependencies:
17 silly publish    { 'yeoman-generator': '^0.18.0',
17 silly publish      chalk: '^0.5.0',
17 silly publish      yosay: '^0.3.0' },
17 silly publish   devDependencies: { mocha: '*' },
17 silly publish   peerDependencies: { yo: '>=1.0.0' },
17 silly publish   readme: '# generator-angular-blueprint [![Build Status](https://secure.travis-ci.org/DannyBlueDesign/generator-angular-blueprint.png?branch=master)](https://travis-ci.org/DannyBlueDesign/generator-angular-blueprint)\n\n> [Yeoman](http://yeoman.io) generator\n\nAngular js Generator for large scale applications. \n\nBased on [John Papa\'s AngularJS Style Guide](https://github.com/johnpapa/angularjs-styleguide). \nThe goal is to have an out of the box scaffolding that will scale well for large complex applications.\n\n\nGenerator Angular Blueprint introducing the idea of blueprints to an angular scaffolding. It is now very simple to overwrite generator templates in your local project.\nLots of Yeoman generators are out there, but what if you don\'t agree? You can fork the repo and make changes and install it on your own, OR, you can use generator-angular-blueprints.\nDon\'t like the style of comments we have chosen? Use your own! Simply create a folder in your root project called "blueprints".\n\n```\nnpm install -g generator-angular-blueprint\n```\n\n## Generators\n\n### APP\n\nGenerates the main application scaffolding\n\n```\nyo angular-blueprint\n```\n\n### Blueprint\n\nGenerates a blueprint to be customized\n\nExample:\n```\nyo angular-blueprint:blueprint\n[?] Which blueprint would you like to create?\n1) controller\n2) view\n3) style\n4) service\n5) factory\n6) directive\n7) router\n8) spec\n```\n\nProduces:\n```\nblueprints/controller/controller.js\n```\n\nThe following template values are passed in to each template and are available for you to use:\n```\n<%= appName %> // myApp\n<%= classedName %> // ClassedName\n<%= dashedName %> // dashed-name\n<%= humanName %> // human name\n<%= type %> // {controller|factory|service|directive}\n```\n\n### Route\n\nGenerates a new route and all of its components\n\nExample:\n```\nyo angular-blueprint:route home\n[?] Where should I generate "home"? (./client/app/views/home)\n```\nProduces:\n```\nclient/app/views/home/home.controller.js\nclient/app/views/home/home.route.js\nclient/app/views/home/home.spec.js\nclient/app/views/home/home.view.html\nclient/app/views/home/home.view.scss\n```\n\n### Controller\n\nGenerates a new controller\n\nExample:\n```\nyo angular-blueprint:controller home\n[?] Where should I generate "home"? (./client/app/views/home)\n```\nProduces:\n```\nclient/app/views/home/home.controller.js\nclient/app/views/home/home.spec.js\n```\n\n### Factory\n\nGenerates a new Angular Factory\n\nExample:\n```\nyo angular-blueprint:factory user\n[?] Where should I generate "user"? (./client/app/services/user)\n```\nProduces:\n```\nclient/app/services/user/user.factory.js\nclient/app/services/user/user.spec.js\n```\n\n### Directive\n\nGenerates a new Angular Directive\n\nExample:\n```\nyo angular-blueprint:directive nav\n[?] Where should I generate "nav"? (./client/app/components/nav)\n```\nProduces:\n```\nclient/app/components/nav/nav.directive.js\n```\n\n### Service\n\nGenerates a new Angular Service\n\nExample:\n```\nyo angular-blueprint:factory user\n[?] Where should I generate "user"? (./client/app/services/user)\n```\nProduces:\n```\nclient/app/services/user/user.service.js\nclient/app/services/user/user.spec.js\n```\n\n### View\n\nGenerates a new Angular View\n\nExample:\n```\nyo angular-blueprint:view about\n[?] Where should I generate "about"? (./client/app/views/about)\n```\nProduces:\n```\nclient/app/views/about/user.view.html\nclient/app/views/about/user.view.scss\n```\n\n## To contribute\n```\ngit clone https://github.com/DannyBlueDesign/generator-angular-blueprint.git\n```\n\nTo run tests\n```\nnpm tests\n```\n\nTo install generator\n```\nnpm link\n```\n\nthis should allow you to run\n```\nyo angular-blueprint\n```\n',
17 silly publish   readmeFilename: 'README.md',
17 silly publish   gitHead: '5b693d45c761f0c4d8516446fcbfa75d90422604',
17 silly publish   bugs: { url: 'https://github.com/DannyBlueDesign/generator-angular-blueprint/issues' },
17 silly publish   homepage: 'https://github.com/DannyBlueDesign/generator-angular-blueprint',
17 silly publish   _id: 'generator-angular-blueprint@1.0.3',
17 silly publish   _shasum: '175281e3a9b32835b31644ab67061dce790f3e13',
17 silly publish   _from: '.' }
18 silly mapToRegistry name generator-angular-blueprint
19 silly mapToRegistry using default registry
20 silly mapToRegistry registry https://registry.npmjs.org/
21 silly mapToRegistry uri https://registry.npmjs.org/generator-angular-blueprint
22 verbose publish registryBase https://registry.npmjs.org/
23 silly publish uploading /Users/dblue/.npm/generator-angular-blueprint/1.0.3/package.tgz
24 verbose request uri https://registry.npmjs.org/generator-angular-blueprint
25 verbose request sending authorization for write operation
26 info attempt registry request try #1 at 14:04:23
27 verbose request id baea78180a992ce4
28 http request PUT https://registry.npmjs.org/generator-angular-blueprint
29 http 403 https://registry.npmjs.org/generator-angular-blueprint
30 verbose headers { date: 'Sat, 21 Feb 2015 19:04:24 GMT',
30 verbose headers   server: 'CouchDB/1.5.0 (Erlang OTP/R16B03)',
30 verbose headers   'content-type': 'application/json',
30 verbose headers   'cache-control': 'max-age=60',
30 verbose headers   'content-length': '8453',
30 verbose headers   'accept-ranges': 'bytes',
30 verbose headers   via: '1.1 varnish',
30 verbose headers   'x-served-by': 'cache-iad2122-IAD',
30 verbose headers   'x-cache': 'MISS',
30 verbose headers   'x-cache-hits': '0',
30 verbose headers   'x-timer': 'S1424545464.381240,VS0,VE549',
30 verbose headers   'keep-alive': 'timeout=10, max=50',
30 verbose headers   connection: 'Keep-Alive' }
31 verbose request invalidating /Users/dblue/.npm/registry.npmjs.org/generator-angular-blueprint on PUT
32 error publish Failed PUT 403
33 verbose stack Error: forbidden cannot modify pre-existing version: 1.0.3
33 verbose stack old={"name":"generator-angular-blueprint","version":"1.0.3","description":"Yeoman angular generator that allows you to override global templates with your own!( Idea COMPLETELY ripped from ember-cli (: )","license":"MIT","repository":{"type":"git","url":"https://github.com/DannyBlueDesign/generator-angular-blueprint"},"author":{"name":"Danny Blue","email":"dannybluedesign@gmail.com","url":"https://github.com/DannyBlueDesign"},"engines":{"node":">=0.10.0"},"scripts":{"test":"mocha"},"main":"app/index.js","files":["generators/app","generators/controller","generators/directive","generators/factory","generators/route","generators/router","generators/service","generators/spec","generators/view","generators/style","lib/blueprint.js"],"keywords":["yeoman-generator","angular","scaffolding","app"],"dependencies":{"yeoman-generator":"^0.18.0","chalk":"^0.5.0","yosay":"^0.3.0"},"devDependencies":{"mocha":"*"},"peerDependencies":{"yo":">=1.0.0"},"gitHead":"ef4c183b91d69c0940ac97b692a1c55ca70354c2","bugs":{"url":"https://github.com/DannyBlueDesign/generator-angular-blueprint/issues"},"homepage":"https://github.com/DannyBlueDesign/generator-angular-blueprint","_id":"generator-angular-blueprint@1.0.3","_shasum":"b017b5e5b4c39dc515735d7e4110f5ea546ea2e4","_from":".","_npmVersion":"2.5.1","_nodeVersion":"0.10.36","_npmUser":{"name":"dannybluedesign","email":"dannybluedesign@gmail.com"},"maintainers":[{"name":"dannybluedesign","email":"dannybluedesign@gmail.com"}],"dist":{"shasum":"b017b5e5b4c39dc515735d7e4110f5ea546ea2e4","tarball":"http://registry.npmjs.org/generator-angular-blueprint/-/generator-angular-blueprint-1.0.3.tgz"}}
33 verbose stack new={"name":"generator-angular-blueprint","version":"1.0.3","description":"Yeoman angular generator that allows you to override global templates with your own!( Idea COMPLETELY ripped from ember-cli (: )","license":"MIT","repository":{"type":"git","url":"https://github.com/DannyBlueDesign/generator-angular-blueprint"},"author":{"name":"Danny Blue","email":"dannybluedesign@gmail.com","url":"https://github.com/DannyBlueDesign"},"engines":{"node":">=0.10.0"},"scripts":{"test":"mocha"},"main":"app/index.js","files":["generators/app","generators/controller","generators/directive","generators/factory","generators/route","generators/router","generators/service","generators/spec","generators/view","generators/style","generators/blueprint","lib/blueprint.js","lib/findInstalledBlueprint.js"],"keywords":["yeoman-generator","angular","scaffolding","app"],"dependencies":{"yeoman-generator":"^0.18.0","chalk":"^0.5.0","yosay":"^0.3.0"},"devDependencies":{"mocha":"*"},"peerDependencies":{"yo":">=1.0.0"},"readme":"# generator-angular-blueprint [![Build Status](https://secure.travis-ci.org/DannyBlueDesign/generator-angular-blueprint.png?branch=master)](https://travis-ci.org/DannyBlueDesign/generator-angular-blueprint)\u000a\u000a> [Yeoman](http://yeoman.io) generator\u000a\u000aAngular js Generator for large scale applications. \u000a\u000aBased on [John Papa's AngularJS Style Guide](https://github.com/johnpapa/angularjs-styleguide). \u000aThe goal is to have an out of the box scaffolding that will scale well for large complex applications.\u000a\u000a\u000aGenerator Angular Blueprint introducing the idea of blueprints to an angular scaffolding. It is now very simple to overwrite generator templates in your local project.\u000aLots of Yeoman generators are out there, but what if you don't agree? You can fork the repo and make changes and install it on your own, OR, you can use generator-angular-blueprints.\u000aDon't like the style of comments we have chosen? Use your own! Simply create a folder in your root project called \"blueprints\".\u000a\u000a```\u000anpm install -g generator-angular-blueprint\u000a```\u000a\u000a## Generators\u000a\u000a### APP\u000a\u000aGenerates the main application scaffolding\u000a\u000a```\u000ayo angular-blueprint\u000a```\u000a\u000a### Blueprint\u000a\u000aGenerates a blueprint to be customized\u000a\u000aExample:\u000a```\u000ayo angular-blueprint:blueprint\u000a[?] Which blueprint would you like to create?\u000a1) controller\u000a2) view\u000a3) style\u000a4) service\u000a5) factory\u000a6) directive\u000a7) router\u000a8) spec\u000a```\u000a\u000aProduces:\u000a```\u000ablueprints/controller/controller.js\u000a```\u000a\u000aThe following template values are passed in to each template and are available for you to use:\u000a```\u000a<%= appName %> // myApp\u000a<%= classedName %> // ClassedName\u000a<%= dashedName %> // dashed-name\u000a<%= humanName %> // human name\u000a<%= type %> // {controller|factory|service|directive}\u000a```\u000a\u000a### Route\u000a\u000aGenerates a new route and all of its components\u000a\u000aExample:\u000a```\u000ayo angular-blueprint:route home\u000a[?] Where should I generate \"home\"? (./client/app/views/home)\u000a```\u000aProduces:\u000a```\u000aclient/app/views/home/home.controller.js\u000aclient/app/views/home/home.route.js\u000aclient/app/views/home/home.spec.js\u000aclient/app/views/home/home.view.html\u000aclient/app/views/home/home.view.scss\u000a```\u000a\u000a### Controller\u000a\u000aGenerates a new controller\u000a\u000aExample:\u000a```\u000ayo angular-blueprint:controller home\u000a[?] Where should I generate \"home\"? (./client/app/views/home)\u000a```\u000aProduces:\u000a```\u000aclient/app/views/home/home.controller.js\u000aclient/app/views/home/home.spec.js\u000a```\u000a\u000a### Factory\u000a\u000aGenerates a new Angular Factory\u000a\u000aExample:\u000a```\u000ayo angular-blueprint:factory user\u000a[?] Where should I generate \"user\"? (./client/app/services/user)\u000a```\u000aProduces:\u000a```\u000aclient/app/services/user/user.factory.js\u000aclient/app/services/user/user.spec.js\u000a```\u000a\u000a### Directive\u000a\u000aGenerates a new Angular Directive\u000a\u000aExample:\u000a```\u000ayo angular-blueprint:directive nav\u000a[?] Where should I generate \"nav\"? (./client/app/components/nav)\u000a```\u000aProduces:\u000a```\u000aclient/app/components/nav/nav.directive.js\u000a```\u000a\u000a### Service\u000a\u000aGenerates a new Angular Service\u000a\u000aExample:\u000a```\u000ayo angular-blueprint:factory user\u000a[?] Where should I generate \"user\"? (./client/app/services/user)\u000a```\u000aProduces:\u000a```\u000aclient/app/services/user/user.service.js\u000aclient/app/services/user/user.spec.js\u000a```\u000a\u000a### View\u000a\u000aGenerates a new Angular View\u000a\u000aExample:\u000a```\u000ayo angular-blueprint:view about\u000a[?] Where should I generate \"about\"? (./client/app/views/about)\u000a```\u000aProduces:\u000a```\u000aclient/app/views/about/user.view.html\u000aclient/app/views/about/user.view.scss\u000a```\u000a\u000a## To contribute\u000a```\u000agit clone https://github.com/DannyBlueDesign/generator-angular-blueprint.git\u000a```\u000a\u000aTo run tests\u000a```\u000anpm tests\u000a```\u000a\u000aTo install generator\u000a```\u000anpm link\u000a```\u000a\u000athis should allow you to run\u000a```\u000ayo angular-blueprint\u000a```\u000a","readmeFilename":"README.md","gitHead":"5b693d45c761f0c4d8516446fcbfa75d90422604","bugs":{"url":"https://github.com/DannyBlueDesign/generator-angular-blueprint/issues"},"homepage":"https://github.com/DannyBlueDesign/generator-angular-blueprint","_id":"generator-angular-blueprint@1.0.3","_shasum":"175281e3a9b32835b31644ab67061dce790f3e13","_from":".","_npmVersion":"2.5.1","_nodeVersion":"0.10.36","_npmUser":{"name":"dannybluedesign","email":"dannybluedesign@gmail.com"},"maintainers":[{"name":"dannybluedesign","email":"dannybluedesign@gmail.com"}],"dist":{"shasum":"175281e3a9b32835b31644ab67061dce790f3e13","tarball":"http://registry.npmjs.org/generator-angular-blueprint/-/generator-angular-blueprint-1.0.3.tgz"}}: generator-angular-blueprint
33 verbose stack     at CachingRegistryClient.<anonymous> (/Users/dblue/.nvm/v0.10.36/lib/node_modules/npm/node_modules/npm-registry-client/lib/request.js:254:14)
33 verbose stack     at Request._callback (/Users/dblue/.nvm/v0.10.36/lib/node_modules/npm/node_modules/npm-registry-client/lib/request.js:178:14)
33 verbose stack     at Request.self.callback (/Users/dblue/.nvm/v0.10.36/lib/node_modules/npm/node_modules/request/request.js:344:22)
33 verbose stack     at Request.emit (events.js:98:17)
33 verbose stack     at Request.<anonymous> (/Users/dblue/.nvm/v0.10.36/lib/node_modules/npm/node_modules/request/request.js:1239:14)
33 verbose stack     at Request.emit (events.js:117:20)
33 verbose stack     at IncomingMessage.<anonymous> (/Users/dblue/.nvm/v0.10.36/lib/node_modules/npm/node_modules/request/request.js:1187:12)
33 verbose stack     at IncomingMessage.emit (events.js:117:20)
33 verbose stack     at _stream_readable.js:944:16
33 verbose stack     at process._tickCallback (node.js:442:13)
34 verbose statusCode 403
35 verbose pkgid generator-angular-blueprint
36 verbose cwd /Users/dblue/Documents/projects/generator-angular-blueprint
37 error Darwin 13.4.0
38 error argv "node" "/Users/dblue/.nvm/v0.10.36/bin/npm" "publish"
39 error node v0.10.36
40 error npm  v2.5.1
41 error code E403
42 error forbidden cannot modify pre-existing version: 1.0.3
42 error old={"name":"generator-angular-blueprint","version":"1.0.3","description":"Yeoman angular generator that allows you to override global templates with your own!( Idea COMPLETELY ripped from ember-cli (: )","license":"MIT","repository":{"type":"git","url":"https://github.com/DannyBlueDesign/generator-angular-blueprint"},"author":{"name":"Danny Blue","email":"dannybluedesign@gmail.com","url":"https://github.com/DannyBlueDesign"},"engines":{"node":">=0.10.0"},"scripts":{"test":"mocha"},"main":"app/index.js","files":["generators/app","generators/controller","generators/directive","generators/factory","generators/route","generators/router","generators/service","generators/spec","generators/view","generators/style","lib/blueprint.js"],"keywords":["yeoman-generator","angular","scaffolding","app"],"dependencies":{"yeoman-generator":"^0.18.0","chalk":"^0.5.0","yosay":"^0.3.0"},"devDependencies":{"mocha":"*"},"peerDependencies":{"yo":">=1.0.0"},"gitHead":"ef4c183b91d69c0940ac97b692a1c55ca70354c2","bugs":{"url":"https://github.com/DannyBlueDesign/generator-angular-blueprint/issues"},"homepage":"https://github.com/DannyBlueDesign/generator-angular-blueprint","_id":"generator-angular-blueprint@1.0.3","_shasum":"b017b5e5b4c39dc515735d7e4110f5ea546ea2e4","_from":".","_npmVersion":"2.5.1","_nodeVersion":"0.10.36","_npmUser":{"name":"dannybluedesign","email":"dannybluedesign@gmail.com"},"maintainers":[{"name":"dannybluedesign","email":"dannybluedesign@gmail.com"}],"dist":{"shasum":"b017b5e5b4c39dc515735d7e4110f5ea546ea2e4","tarball":"http://registry.npmjs.org/generator-angular-blueprint/-/generator-angular-blueprint-1.0.3.tgz"}}
42 error new={"name":"generator-angular-blueprint","version":"1.0.3","description":"Yeoman angular generator that allows you to override global templates with your own!( Idea COMPLETELY ripped from ember-cli (: )","license":"MIT","repository":{"type":"git","url":"https://github.com/DannyBlueDesign/generator-angular-blueprint"},"author":{"name":"Danny Blue","email":"dannybluedesign@gmail.com","url":"https://github.com/DannyBlueDesign"},"engines":{"node":">=0.10.0"},"scripts":{"test":"mocha"},"main":"app/index.js","files":["generators/app","generators/controller","generators/directive","generators/factory","generators/route","generators/router","generators/service","generators/spec","generators/view","generators/style","generators/blueprint","lib/blueprint.js","lib/findInstalledBlueprint.js"],"keywords":["yeoman-generator","angular","scaffolding","app"],"dependencies":{"yeoman-generator":"^0.18.0","chalk":"^0.5.0","yosay":"^0.3.0"},"devDependencies":{"mocha":"*"},"peerDependencies":{"yo":">=1.0.0"},"readme":"# generator-angular-blueprint [![Build Status](https://secure.travis-ci.org/DannyBlueDesign/generator-angular-blueprint.png?branch=master)](https://travis-ci.org/DannyBlueDesign/generator-angular-blueprint)\u000a\u000a> [Yeoman](http://yeoman.io) generator\u000a\u000aAngular js Generator for large scale applications. \u000a\u000aBased on [John Papa's AngularJS Style Guide](https://github.com/johnpapa/angularjs-styleguide). \u000aThe goal is to have an out of the box scaffolding that will scale well for large complex applications.\u000a\u000a\u000aGenerator Angular Blueprint introducing the idea of blueprints to an angular scaffolding. It is now very simple to overwrite generator templates in your local project.\u000aLots of Yeoman generators are out there, but what if you don't agree? You can fork the repo and make changes and install it on your own, OR, you can use generator-angular-blueprints.\u000aDon't like the style of comments we have chosen? Use your own! Simply create a folder in your root project called \"blueprints\".\u000a\u000a```\u000anpm install -g generator-angular-blueprint\u000a```\u000a\u000a## Generators\u000a\u000a### APP\u000a\u000aGenerates the main application scaffolding\u000a\u000a```\u000ayo angular-blueprint\u000a```\u000a\u000a### Blueprint\u000a\u000aGenerates a blueprint to be customized\u000a\u000aExample:\u000a```\u000ayo angular-blueprint:blueprint\u000a[?] Which blueprint would you like to create?\u000a1) controller\u000a2) view\u000a3) style\u000a4) service\u000a5) factory\u000a6) directive\u000a7) router\u000a8) spec\u000a```\u000a\u000aProduces:\u000a```\u000ablueprints/controller/controller.js\u000a```\u000a\u000aThe following template values are passed in to each template and are available for you to use:\u000a```\u000a<%= appName %> // myApp\u000a<%= classedName %> // ClassedName\u000a<%= dashedName %> // dashed-name\u000a<%= humanName %> // human name\u000a<%= type %> // {controller|factory|service|directive}\u000a```\u000a\u000a### Route\u000a\u000aGenerates a new route and all of its components\u000a\u000aExample:\u000a```\u000ayo angular-blueprint:route home\u000a[?] Where should I generate \"home\"? (./client/app/views/home)\u000a```\u000aProduces:\u000a```\u000aclient/app/views/home/home.controller.js\u000aclient/app/views/home/home.route.js\u000aclient/app/views/home/home.spec.js\u000aclient/app/views/home/home.view.html\u000aclient/app/views/home/home.view.scss\u000a```\u000a\u000a### Controller\u000a\u000aGenerates a new controller\u000a\u000aExample:\u000a```\u000ayo angular-blueprint:controller home\u000a[?] Where should I generate \"home\"? (./client/app/views/home)\u000a```\u000aProduces:\u000a```\u000aclient/app/views/home/home.controller.js\u000aclient/app/views/home/home.spec.js\u000a```\u000a\u000a### Factory\u000a\u000aGenerates a new Angular Factory\u000a\u000aExample:\u000a```\u000ayo angular-blueprint:factory user\u000a[?] Where should I generate \"user\"? (./client/app/services/user)\u000a```\u000aProduces:\u000a```\u000aclient/app/services/user/user.factory.js\u000aclient/app/services/user/user.spec.js\u000a```\u000a\u000a### Directive\u000a\u000aGenerates a new Angular Directive\u000a\u000aExample:\u000a```\u000ayo angular-blueprint:directive nav\u000a[?] Where should I generate \"nav\"? (./client/app/components/nav)\u000a```\u000aProduces:\u000a```\u000aclient/app/components/nav/nav.directive.js\u000a```\u000a\u000a### Service\u000a\u000aGenerates a new Angular Service\u000a\u000aExample:\u000a```\u000ayo angular-blueprint:factory user\u000a[?] Where should I generate \"user\"? (./client/app/services/user)\u000a```\u000aProduces:\u000a```\u000aclient/app/services/user/user.service.js\u000aclient/app/services/user/user.spec.js\u000a```\u000a\u000a### View\u000a\u000aGenerates a new Angular View\u000a\u000aExample:\u000a```\u000ayo angular-blueprint:view about\u000a[?] Where should I generate \"about\"? (./client/app/views/about)\u000a```\u000aProduces:\u000a```\u000aclient/app/views/about/user.view.html\u000aclient/app/views/about/user.view.scss\u000a```\u000a\u000a## To contribute\u000a```\u000agit clone https://github.com/DannyBlueDesign/generator-angular-blueprint.git\u000a```\u000a\u000aTo run tests\u000a```\u000anpm tests\u000a```\u000a\u000aTo install generator\u000a```\u000anpm link\u000a```\u000a\u000athis should allow you to run\u000a```\u000ayo angular-blueprint\u000a```\u000a","readmeFilename":"README.md","gitHead":"5b693d45c761f0c4d8516446fcbfa75d90422604","bugs":{"url":"https://github.com/DannyBlueDesign/generator-angular-blueprint/issues"},"homepage":"https://github.com/DannyBlueDesign/generator-angular-blueprint","_id":"generator-angular-blueprint@1.0.3","_shasum":"175281e3a9b32835b31644ab67061dce790f3e13","_from":".","_npmVersion":"2.5.1","_nodeVersion":"0.10.36","_npmUser":{"name":"dannybluedesign","email":"dannybluedesign@gmail.com"},"maintainers":[{"name":"dannybluedesign","email":"dannybluedesign@gmail.com"}],"dist":{"shasum":"175281e3a9b32835b31644ab67061dce790f3e13","tarball":"http://registry.npmjs.org/generator-angular-blueprint/-/generator-angular-blueprint-1.0.3.tgz"}}: generator-angular-blueprint
43 error If you need help, you may report this error at:
43 error     <http://github.com/npm/npm/issues>
44 verbose exit [ 1, true ]
